Log for:C:/Users/56xsl/Obsidian/sense making/
# timestamp | duration | file | instruction | dir | modtime | etag | size | fileId | status | errorString | http result code | other size | other modtime | X-Request-ID
#=#=#=# Syncrun started 2024-05-13T09:49:10Z
#=#=#=#=# Propagation starts 2024-05-13T09:49:11Z (last step: 188 msec , total: 188 msec) 
2024-05-13T09:49:09+00:00 | Things | CSyncEnums::CSYNC_INSTRUCTION_NEW | OCC::SyncFileItem::Up | | 1713789912 |  | 0 | 5385065798oc8d6fac567d | OCC::SyncFileItem::Success |  | 201 | 0 | 0 | 1323e717-a30d-4fa8-a68b-042c969ccd22 | 
2024-05-13T09:49:10+00:00 | Politische Meinungsmache | CSyncEnums::CSYNC_INSTRUCTION_NEW | OCC::SyncFileItem::Up | | 1714485285 |  | 0 | 5385065807oc8d6fac567d | OCC::SyncFileItem::Success |  | 201 | 0 | 0 | fbc29301-fb48-435f-bd7d-3fcb124d6fa1 | 
2024-05-13T09:49:10+00:00 | People | CSyncEnums::CSYNC_INSTRUCTION_NEW | OCC::SyncFileItem::Up | | 1713789920 |  | 0 | 5385065819oc8d6fac567d | OCC::SyncFileItem::Success |  | 201 | 0 | 0 | 1fabb8f3-0ea6-4e7c-8eff-df952913806c | 
2024-05-13T09:49:10+00:00 | daily reminder.md | CSyncEnums::CSYNC_INSTRUCTION_NEW | OCC::SyncFileItem::Up | | 1711486165 | 54e941dd96c595838c5ab888c61630ad | 66 | 5385065831oc8d6fac567d | OCC::SyncFileItem::Success |  | 201 | 0 | 0 | 763608e1-eb89-406d-9da5-2049a1145c16 | 
2024-05-13T09:49:10+00:00 | sense making.md | CSyncEnums::CSYNC_INSTRUCTION_NEW | OCC::SyncFileItem::Up | | 1712623243 | 9377f82b0695ad34340a9bbe76ca82cc | 2398 | 5385065846oc8d6fac567d | OCC::SyncFileItem::Success |  | 201 | 0 | 0 | 1d6951cf-6d14-4ff2-867b-466eb354ed59 | 
2024-05-13T09:49:11+00:00 | concepts, terms, definitions/distill.md | CSyncEnums::CSYNC_INSTRUCTION_NEW | OCC::SyncFileItem::Up | | 1711299463 | 5d407cd13955d70d2265d106678c4c74 | 33 | 5385065855oc8d6fac567d | OCC::SyncFileItem::Success |  | 201 | 0 | 0 | da8f5576-b64d-43c6-9b87-2cad1943b6fb | 
2024-05-13T09:49:11+00:00 | concepts, terms, definitions/ACCESS.md | CSyncEnums::CSYNC_INSTRUCTION_NEW | OCC::SyncFileItem::Up | | 1712418306 | 567ae147ec27060393527e43dc322976 | 37 | 5385065891oc8d6fac567d | OCC::SyncFileItem::Success |  | 201 | 0 | 0 | e26ab9a1-c6d8-4319-af60-811c932d51a2 | 
2024-05-13T09:49:11+00:00 | concepts, terms, definitions/organize.md | CSyncEnums::CSYNC_INSTRUCTION_NEW | OCC::SyncFileItem::Up | | 1711299432 | 3c9aac0d8dc01a7bb6a9a52f37fe00f0 | 26 | 5385065882oc8d6fac567d | OCC::SyncFileItem::Success |  | 201 | 0 | 0 | 48433938-5029-4881-a00f-4018179c3ea5 | 
2024-05-13T09:49:11+00:00 | concepts, terms, definitions/PARA System.md | CSyncEnums::CSYNC_INSTRUCTION_NEW | OCC::SyncFileItem::Up | | 1705538920 | 5a014b6ff4cf9ea41f0b567aa911cdad | 1528 | 5385065852oc8d6fac567d | OCC::SyncFileItem::Success |  | 201 | 0 | 0 | c2735ff1-e0cf-41b0-a914-d03e209cc063 | 
2024-05-13T09:49:11+00:00 | concepts, terms, definitions/CODE method.md | CSyncEnums::CSYNC_INSTRUCTION_NEW | OCC::SyncFileItem::Up | | 1711299654 | 145953db313a8ace2ca5ad395ef75140 | 11308 | 5385065888oc8d6fac567d | OCC::SyncFileItem::Success |  | 201 | 0 | 0 | 29422901-a67e-48c1-b4cf-3887efe44c67 | 
2024-05-13T09:49:11+00:00 | concepts, terms, definitions/spaced repitition.md | CSyncEnums::CSYNC_INSTRUCTION_NEW | OCC::SyncFileItem::Up | | 1711485707 | bdd5a5f163f34505c1a7b136deb5a1fe | 77 | 5385065897oc8d6fac567d | OCC::SyncFileItem::Success |  | 201 | 0 | 0 | 22058f2b-95e4-4959-bf99-7ed14608dab8 | 
2024-05-13T09:49:10+00:00 | concepts, terms, definitions | CSyncEnums::CSYNC_INSTRUCTION_NEW | OCC::SyncFileItem::Up | | 1715361835 |  | 4096 | 5385065822oc8d6fac567d | OCC::SyncFileItem::Success |  | 201 | 0 | 0 | 1e072d95-af54-4a59-b9a8-2ca72878dbb3 | 
2024-05-13T09:49:12+00:00 | propositions, ideas, statements, opinions/6 hats of critism.md | CSyncEnums::CSYNC_INSTRUCTION_NEW | OCC::SyncFileItem::Up | | 1713888910 | f7aebcd11f29b71e576e118afb746185 | 4485 | 5385065912oc8d6fac567d | OCC::SyncFileItem::Success |  | 201 | 0 | 0 | 1ffc5739-7926-4b36-95d7-220f748f94de | 
2024-05-13T09:49:12+00:00 | propositions, ideas, statements, opinions/CogXi Videos als Resource, das als Quelle abschließen.md | CSyncEnums::CSYNC_INSTRUCTION_NEW | OCC::SyncFileItem::Up | | 1712615576 | b878f9d7020115fbec4223063f5dac4d | 171 | 5385065957oc8d6fac567d | OCC::SyncFileItem::Success |  | 201 | 0 | 0 | bed47595-5a54-4956-ae9e-03ce3ca55a84 | 
2024-05-13T09:49:12+00:00 | propositions, ideas, statements, opinions/Cytoscape.md | CSyncEnums::CSYNC_INSTRUCTION_NEW | OCC::SyncFileItem::Up | | 1712615577 | 0dedbf295c1e707efaa32fdb732619cf | 1073 | 5385065963oc8d6fac567d | OCC::SyncFileItem::Success |  | 201 | 0 | 0 | e5e0bbf9-5e41-49db-a5e1-07bade7ef319 | 
2024-05-13T09:49:12+00:00 | propositions, ideas, statements, opinions/DL.md | CSyncEnums::CSYNC_INSTRUCTION_NEW | OCC::SyncFileItem::Up | | 1712615769 | 6d17787b4261f6319fefb0c978d4b5f5 | 2295 | 5385065972oc8d6fac567d | OCC::SyncFileItem::Success |  | 201 | 0 | 0 | b6b829af-2e04-4183-8661-134c3a41b846 | 
2024-05-13T09:49:13+00:00 | propositions, ideas, statements, opinions/Debatte.md | CSyncEnums::CSYNC_INSTRUCTION_NEW | OCC::SyncFileItem::Up | | 1712615577 | 0c9755831d66b0023e07822008b12586 | 43 | 5385065978oc8d6fac567d | OCC::SyncFileItem::Success |  | 201 | 0 | 0 | 84b44903-c577-4c0a-8ef1-2c2bf6ddd0d0 | 
2024-05-13T09:49:13+00:00 | propositions, ideas, statements, opinions/Beziehungen.md | CSyncEnums::CSYNC_INSTRUCTION_NEW | OCC::SyncFileItem::Up | | 1712615576 | 99180ee4d15f5728763675dfe23528f8 | 3301 | 5385065993oc8d6fac567d | OCC::SyncFileItem::Success |  | 201 | 0 | 0 | 4bf7f1cd-626a-4ac9-bbd1-c565c15692a9 | 
2024-05-13T09:49:13+00:00 | propositions, ideas, statements, opinions/Extensible Markup Language.md | CSyncEnums::CSYNC_INSTRUCTION_NEW | OCC::SyncFileItem::Up | | 1712615577 | b2a4136560195f6c744fcd5224c92a8e | 133 | 5385066005oc8d6fac567d | OCC::SyncFileItem::Success |  | 201 | 0 | 0 | 0bfd0fa9-cc35-49b3-86a9-9980254c455d | 
2024-05-13T09:49:13+00:00 | propositions, ideas, statements, opinions/Fuzzy Logic.md | CSyncEnums::CSYNC_INSTRUCTION_NEW | OCC::SyncFileItem::Up | | 1712615577 | 12d2220e493139afc8baad0360bf778a | 2215 | 5385066008oc8d6fac567d | OCC::SyncFileItem::Success |  | 201 | 0 | 0 | b2ef8af8-171a-44a2-bd4a-1eb64b6c0784 | 
2024-05-13T09:49:13+00:00 | propositions, ideas, statements, opinions/Gödel's Incompleteness Theorem.md | CSyncEnums::CSYNC_INSTRUCTION_NEW | OCC::SyncFileItem::Up | | 1712615577 | f915c943790f5b0d0c953310119ef3cf | 8545 | 5385066026oc8d6fac567d | OCC::SyncFileItem::Success |  | 201 | 0 | 0 | 3957a3ac-974d-4bf2-8475-b2bf5a2531e5 | 
2024-05-13T09:49:13+00:00 | propositions, ideas, statements, opinions/FOL.md | CSyncEnums::CSYNC_INSTRUCTION_NEW | OCC::SyncFileItem::Up | | 1712615577 | 9b11bcb2101fc81a35775253c3b97fa4 | 15396 | 5385065996oc8d6fac567d | OCC::SyncFileItem::Success |  | 201 | 0 | 0 | 02823f3f-4ce2-4255-8528-d9e9b64584f9 | 
2024-05-13T09:49:14+00:00 | propositions, ideas, statements, opinions/I dont need PKM.md | CSyncEnums::CSYNC_INSTRUCTION_NEW | OCC::SyncFileItem::Up | | 1711484626 | 4af576a46ae69aa7f2d183f17fb35678 | 0 | 5385066056oc8d6fac567d | OCC::SyncFileItem::Success |  | 201 | 0 | 0 | e42ae0ac-6e47-4c2e-9aa8-0c45afe3d9da | 
2024-05-13T09:49:13+00:00 | propositions, ideas, statements, opinions/Higher Order Logic.md | CSyncEnums::CSYNC_INSTRUCTION_NEW | OCC::SyncFileItem::Up | | 1712615577 | a23e805d3ee0a61bc15741159cf567ca | 11550 | 5385066017oc8d6fac567d | OCC::SyncFileItem::Success |  | 201 | 0 | 0 | 5ba70b66-3d64-4ad2-92e6-0ec8ab6348aa | 
2024-05-13T09:49:14+00:00 | propositions, ideas, statements, opinions/Kontext.md | CSyncEnums::CSYNC_INSTRUCTION_NEW | OCC::SyncFileItem::Up | | 1712615577 | 3263a9e2cc6e5b1bbc6681b7b92cd316 | 1753 | 5385066077oc8d6fac567d | OCC::SyncFileItem::Success |  | 201 | 0 | 0 | 2942b5d0-8327-4086-84a7-0b1ce9385ac8 | 
2024-05-13T09:49:14+00:00 | propositions, ideas, statements, opinions/Kausalität.md | CSyncEnums::CSYNC_INSTRUCTION_NEW | OCC::SyncFileItem::Up | | 1712270197 | 305b2f730321ad52463fe573647340d8 | 637 | 5385066080oc8d6fac567d | OCC::SyncFileItem::Success |  | 201 | 0 | 0 | 9634cc14-67fe-4f3b-bba6-44d070532097 | 
2024-05-13T09:49:14+00:00 | propositions, ideas, statements, opinions/Abruf von Wissen.md | CSyncEnums::CSYNC_INSTRUCTION_NEW | OCC::SyncFileItem::Up | | 1712615576 | 526005f578cc970d297b79b9583f8172 | 10666 | 5385066068oc8d6fac567d | OCC::SyncFileItem::Success |  | 201 | 0 | 0 | 9a1456a8-5546-4365-9223-624b1cc05b73 | 
2024-05-13T09:49:15+00:00 | propositions, ideas, statements, opinions/Lernziel.md | CSyncEnums::CSYNC_INSTRUCTION_NEW | OCC::SyncFileItem::Up | | 1712615577 | 1df95bfc801b0b8b5b020257cd47109a | 5864 | 5385066098oc8d6fac567d | OCC::SyncFileItem::Success |  | 201 | 0 | 0 | 629ccf59-6530-4d84-8f78-aba764e5f241 | 
2024-05-13T09:49:15+00:00 | propositions, ideas, statements, opinions/Modal Logic.md | CSyncEnums::CSYNC_INSTRUCTION_NEW | OCC::SyncFileItem::Up | | 1712615578 | 24b86e158c23681bb843e8a01b924a2a | 2214 | 5385066134oc8d6fac567d | OCC::SyncFileItem::Success |  | 201 | 0 | 0 | 89bbfee3-9e26-4511-a35c-742c114190fb | 
2024-05-13T09:49:14+00:00 | propositions, ideas, statements, opinions/Lernmethoden.md | CSyncEnums::CSYNC_INSTRUCTION_NEW | OCC::SyncFileItem::Up | | 1712615578 | 7c4a1f8ab604bcf306d0e78ae93ae874 | 1384 | 5385066086oc8d6fac567d | OCC::SyncFileItem::Success |  | 201 | 0 | 0 | bf8c3612-ee18-4c18-b80a-8f8a26c6b673 | 
2024-05-13T09:49:15+00:00 | propositions, ideas, statements, opinions/Logical Symbols.md | CSyncEnums::CSYNC_INSTRUCTION_NEW | OCC::SyncFileItem::Up | | 1712615577 | f7893598c9aaf1637b310f13ff288155 | 630 | 5385066125oc8d6fac567d | OCC::SyncFileItem::Success |  | 201 | 0 | 0 | 7f823660-28fb-4211-aa2d-9192278e2b3d | 
2024-05-13T09:49:16+00:00 | propositions, ideas, statements, opinions/RWTH lernen.md | CSyncEnums::CSYNC_INSTRUCTION_NEW | OCC::SyncFileItem::Up | | 1712615578 | d93e8802ffdea65c5681d8c32c13a3cc | 2259 | 5385066152oc8d6fac567d | OCC::SyncFileItem::Success |  | 201 | 0 | 0 | a79d3c88-326a-4eb7-9cef-1563806bf3b0 | 
2024-05-13T09:49:15+00:00 | propositions, ideas, statements, opinions/Propositional Logic.md | CSyncEnums::CSYNC_INSTRUCTION_NEW | OCC::SyncFileItem::Up | | 1712615578 | 5f1ed5990f7f10fb051db793ba7bf4fe | 10747 | 5385066137oc8d6fac567d | OCC::SyncFileItem::Success |  | 201 | 0 | 0 | 4ee3154f-a2f7-4c56-9721-a860e79fda05 | 
2024-05-13T09:49:16+00:00 | propositions, ideas, statements, opinions/Resource Description Framework.md | CSyncEnums::CSYNC_INSTRUCTION_NEW | OCC::SyncFileItem::Up | | 1712615578 | 7f277a8935bd25b6d4554755e1c8cafd | 8574 | 5385066176oc8d6fac567d | OCC::SyncFileItem::Success |  | 201 | 0 | 0 | aa00d588-0c93-40ee-ac24-647e42812f91 | 
2024-05-13T09:49:16+00:00 | propositions, ideas, statements, opinions/Russell's Paradox.md | CSyncEnums::CSYNC_INSTRUCTION_NEW | OCC::SyncFileItem::Up | | 1712615578 | 17f916880899558bff9a18308bef1766 | 12658 | 5385066182oc8d6fac567d | OCC::SyncFileItem::Success |  | 201 | 0 | 0 | c40ce282-2cb8-4b1f-9cbd-a39d92e58cff | 
2024-05-13T09:49:15+00:00 | propositions, ideas, statements, opinions/Loci-Methode.md | CSyncEnums::CSYNC_INSTRUCTION_NEW | OCC::SyncFileItem::Up | | 1712615577 | 71395f827d0d72ac8a7ede0347f56fc8 | 147 | 5385066107oc8d6fac567d | OCC::SyncFileItem::Success |  | 201 | 0 | 0 | 139b40fb-9e12-45d3-9e1c-2d74d375a357 | 
2024-05-13T09:49:16+00:00 | propositions, ideas, statements, opinions/SOL.md | CSyncEnums::CSYNC_INSTRUCTION_NEW | OCC::SyncFileItem::Up | | 1712615578 | 9c5fe0a403443d50cc2abd4aac6f3a37 | 7588 | 5385066200oc8d6fac567d | OCC::SyncFileItem::Success |  | 201 | 0 | 0 | f8698268-ebec-41db-9336-610387551002 | 
2024-05-13T09:49:17+00:00 | propositions, ideas, statements, opinions/Semantic Web.md | CSyncEnums::CSYNC_INSTRUCTION_NEW | OCC::SyncFileItem::Up | | 1712615871 | f480634233e15dcc93fdb1087e862a6a | 985 | 5385066209oc8d6fac567d | OCC::SyncFileItem::Success |  | 201 | 0 | 0 | 83ee95d3-7972-4315-978c-755e36c3fa03 | 
2024-05-13T09:49:16+00:00 | propositions, ideas, statements, opinions/Selbst steuern.canvas | CSyncEnums::CSYNC_INSTRUCTION_NEW | OCC::SyncFileItem::Up | | 1684352586 | 5db2740f50166410b327a738ef88b196 | 10524 | 5385066203oc8d6fac567d | OCC::SyncFileItem::Success |  | 201 | 0 | 0 | 2370fe0c-2f21-41d6-86e9-5b6cbe16f246 | 
2024-05-13T09:49:17+00:00 | propositions, ideas, statements, opinions/Schema.org.md | CSyncEnums::CSYNC_INSTRUCTION_NEW | OCC::SyncFileItem::Up | | 1712615578 | 9a9614c5bf1cbee2aaf842ef4fae3ea1 | 85 | 5385066230oc8d6fac567d | OCC::SyncFileItem::Success |  | 201 | 0 | 0 | 902d56cf-57bf-41e2-8371-bd31d43f5a1d | 
2024-05-13T09:49:17+00:00 | propositions, ideas, statements, opinions/Terminology.md | CSyncEnums::CSYNC_INSTRUCTION_NEW | OCC::SyncFileItem::Up | | 1713790595 | 5dc0bf4d3c9ff457eafc73d74cb7a544 | 1151 | 5385066275oc8d6fac567d | OCC::SyncFileItem::Success |  | 201 | 0 | 0 | 8a6b8978-db94-4603-8b4f-bcf1ccf323b7 | 
2024-05-13T09:49:18+00:00 | propositions, ideas, statements, opinions/Thymeflow.md | CSyncEnums::CSYNC_INSTRUCTION_NEW | OCC::SyncFileItem::Up | | 1712615578 | 70dfa2388278bb4e467c6092dacb043c | 559 | 5385066299oc8d6fac567d | OCC::SyncFileItem::Success |  | 201 | 0 | 0 | 4f4947d2-98a1-42f3-b5b5-cc0c10743578 | 
2024-05-13T09:49:18+00:00 | propositions, ideas, statements, opinions/Vorgehen.md | CSyncEnums::CSYNC_INSTRUCTION_NEW | OCC::SyncFileItem::Up | | 1712615579 | bf51caad374a9c801d7b3ea43bbe789e | 20298 | 5385066290oc8d6fac567d | OCC::SyncFileItem::Success |  | 201 | 0 | 0 | a6bc2817-0d2a-4be8-9d3d-574516d3befd | 
2024-05-13T09:49:18+00:00 | propositions, ideas, statements, opinions/Visualisierung erstellen.canvas | CSyncEnums::CSYNC_INSTRUCTION_NEW | OCC::SyncFileItem::Up | | 1701726779 | 2669fd5381ec651aea54249da15c4bbe | 5726 | 5385066311oc8d6fac567d | OCC::SyncFileItem::Success |  | 201 | 0 | 0 | f2332438-9562-47ee-b6d7-221a249840cd | 
2024-05-13T09:49:17+00:00 | propositions, ideas, statements, opinions/Sinne.md | CSyncEnums::CSYNC_INSTRUCTION_NEW | OCC::SyncFileItem::Up | | 1712615578 | 641838f2a0de4f95d09878ee78e0f39e | 689 | 5385066281oc8d6fac567d | OCC::SyncFileItem::Success |  | 201 | 0 | 0 | 712b30c7-63a4-4943-8b16-af177d618b74 | 
2024-05-13T09:49:18+00:00 | propositions, ideas, statements, opinions/Web Ontology Language.md | CSyncEnums::CSYNC_INSTRUCTION_NEW | OCC::SyncFileItem::Up | | 1712615579 | 040abbe81e03ebdaf3f2dc991f44d002 | 82 | 5385066350oc8d6fac567d | OCC::SyncFileItem::Success |  | 201 | 0 | 0 | a05f0846-8565-4c6c-9bac-960c73737d2e | 
2024-05-13T09:49:18+00:00 | propositions, ideas, statements, opinions/WHAT over HOW.md | CSyncEnums::CSYNC_INSTRUCTION_NEW | OCC::SyncFileItem::Up | | 1711491217 | 79823c2d4f1e0398aee0c1eababb86fb | 0 | 5385066323oc8d6fac567d | OCC::SyncFileItem::Success |  | 201 | 0 | 0 | 7b1f7462-6412-412b-8f24-f8f700acc076 | 
2024-05-13T09:49:18+00:00 | propositions, ideas, statements, opinions/WordNet.md | CSyncEnums::CSYNC_INSTRUCTION_NEW | OCC::SyncFileItem::Up | | 1712615898 | ca561c2a87c4424eca6c2e65c3043fec | 582 | 5385066365oc8d6fac567d | OCC::SyncFileItem::Success |  | 201 | 0 | 0 | 6ac0e2b8-dbdb-4ade-b402-07e4eef563a1 | 
2024-05-13T09:49:19+00:00 | propositions, ideas, statements, opinions/Zielsetzung.md | CSyncEnums::CSYNC_INSTRUCTION_NEW | OCC::SyncFileItem::Up | | 1712623244 | d47e560d7eb43b7d2ce48ccaa72ef148 | 97203 | 5385066383oc8d6fac567d | OCC::SyncFileItem::Success |  | 201 | 0 | 0 | a927703f-d290-4d78-a8d1-52e88e389d4a | 
2024-05-13T09:49:19+00:00 | propositions, ideas, statements, opinions/auditive.md | CSyncEnums::CSYNC_INSTRUCTION_NEW | OCC::SyncFileItem::Up | | 1712615576 | 243e3d5227682a67b8e2c0cd10427a50 | 4375 | 5385066389oc8d6fac567d | OCC::SyncFileItem::Success |  | 201 | 0 | 0 | 2bd20670-56c5-4488-8db8-8c01362bc6f9 | 
2024-05-13T09:49:18+00:00 | propositions, ideas, statements, opinions/ZFC set theory.md | CSyncEnums::CSYNC_INSTRUCTION_NEW | OCC::SyncFileItem::Up | | 1712615579 | a798bad1e970b7223936900f7acffde1 | 4343 | 5385066356oc8d6fac567d | OCC::SyncFileItem::Success |  | 201 | 0 | 0 | 35533ebe-304a-49c6-b713-f5496506eb1e | 
2024-05-13T09:49:19+00:00 | propositions, ideas, statements, opinions/capture.md | CSyncEnums::CSYNC_INSTRUCTION_NEW | OCC::SyncFileItem::Up | | 1711299483 | 14777713239967f0a27e0b82c53388b6 | 42 | 5385066407oc8d6fac567d | OCC::SyncFileItem::Success |  | 201 | 0 | 0 | 5e159f24-2fc8-42e4-8a7c-83f301ba9b79 | 
2024-05-13T09:49:19+00:00 | propositions, ideas, statements, opinions/category theory.md | CSyncEnums::CSYNC_INSTRUCTION_NEW | OCC::SyncFileItem::Up | | 1712615783 | bf7318a9a5059d2167e6f97bf34e3bff | 21736 | 5385066413oc8d6fac567d | OCC::SyncFileItem::Success |  | 201 | 0 | 0 | cf2a3c25-e04a-4687-99c1-ebb21425c58a | 
2024-05-13T09:49:19+00:00 | propositions, ideas, statements, opinions/communication.md | CSyncEnums::CSYNC_INSTRUCTION_NEW | OCC::SyncFileItem::Up | | 1711486010 | cad9df028aab64e55b6ae30d0e74c3f2 | 216 | 5385066416oc8d6fac567d | OCC::SyncFileItem::Success |  | 201 | 0 | 0 | 13cb9a87-5df2-407f-80e2-0aa41ac51f45 | 
2024-05-13T09:49:20+00:00 | propositions, ideas, statements, opinions/concept.md | CSyncEnums::CSYNC_INSTRUCTION_NEW | OCC::SyncFileItem::Up | | 1711305024 | ea3cec6883cd6a7578b3918b52adcaf5 | 107 | 5385066428oc8d6fac567d | OCC::SyncFileItem::Success |  | 201 | 0 | 0 | d0892ccf-b833-4d17-9f73-bcb9b3973874 | 
2024-05-13T09:49:20+00:00 | propositions, ideas, statements, opinions/capture to formal.md | CSyncEnums::CSYNC_INSTRUCTION_NEW | OCC::SyncFileItem::Up | | 1712615787 | 4cf96af912a941eeedf65c1d61704923 | 5744 | 5385066419oc8d6fac567d | OCC::SyncFileItem::Success |  | 201 | 0 | 0 | 60225c46-24b3-4fab-ba20-f0bc3159d09a | 
2024-05-13T09:49:20+00:00 | propositions, ideas, statements, opinions/deductive system.md | CSyncEnums::CSYNC_INSTRUCTION_NEW | OCC::SyncFileItem::Up | | 1712615776 | c17b9ffc52f53bfb93700f78415c773f | 6577 | 5385066440oc8d6fac567d | OCC::SyncFileItem::Success |  | 201 | 0 | 0 | 6c85067c-c642-4e9d-8d18-69910b1ae093 | 
2024-05-13T09:49:20+00:00 | propositions, ideas, statements, opinions/express.md | CSyncEnums::CSYNC_INSTRUCTION_NEW | OCC::SyncFileItem::Up | | 1711299365 | 75a27058858135bd5d2ce3c1e269d739 | 0 | 5385066452oc8d6fac567d | OCC::SyncFileItem::Success |  | 201 | 0 | 0 | 3bdacaf8-c24e-4ab9-a0a7-d82487f9feeb | 
2024-05-13T09:49:20+00:00 | propositions, ideas, statements, opinions/atomic formula.md | CSyncEnums::CSYNC_INSTRUCTION_NEW | OCC::SyncFileItem::Up | | 1712615576 | 567b3edfe86c743227ef76e04ad0d849 | 5802 | 5385066461oc8d6fac567d | OCC::SyncFileItem::Success |  | 201 | 0 | 0 | 3ff54c73-2246-4717-b797-9795532157f6 | 
2024-05-13T09:49:21+00:00 | propositions, ideas, statements, opinions/expression of knowledge.md | CSyncEnums::CSYNC_INSTRUCTION_NEW | OCC::SyncFileItem::Up | | 1712615577 | 63a6f592886d2dee70748cebb88f30f0 | 36319 | 5385066476oc8d6fac567d | OCC::SyncFileItem::Success |  | 201 | 0 | 0 | f0cf9e16-d4e8-448e-b6c5-998d689dabda | 
2024-05-13T09:49:21+00:00 | propositions, ideas, statements, opinions/formal system.md | CSyncEnums::CSYNC_INSTRUCTION_NEW | OCC::SyncFileItem::Up | | 1712623244 | f318981bebac9c944456861d3a687c97 | 31628 | 5385066491oc8d6fac567d | OCC::SyncFileItem::Success |  | 201 | 0 | 0 | a2f37f7e-2fd6-49ef-97ba-2b0395b1b2f3 | 
2024-05-13T09:49:21+00:00 | propositions, ideas, statements, opinions/distill to informal.md | CSyncEnums::CSYNC_INSTRUCTION_NEW | OCC::SyncFileItem::Up | | 1712615773 | 246aa8b08e39942ab83b63ee9e7e3775 | 32786 | 5385066488oc8d6fac567d | OCC::SyncFileItem::Success |  | 201 | 0 | 0 | 253f35e0-c3b2-4b30-89f9-89f79dcaf50e | 
2024-05-13T09:49:21+00:00 | propositions, ideas, statements, opinions/foundations of mathematics.md | CSyncEnums::CSYNC_INSTRUCTION_NEW | OCC::SyncFileItem::Up | | 1712615814 | a6651c2f70cd0b7d9b1cdfff6f625cee | 13268 | 5385066497oc8d6fac567d | OCC::SyncFileItem::Success |  | 201 | 0 | 0 | d3d467b1-a118-4339-bfd8-24aacd2c5703 | 
2024-05-13T09:49:21+00:00 | propositions, ideas, statements, opinions/formal language.md | CSyncEnums::CSYNC_INSTRUCTION_NEW | OCC::SyncFileItem::Up | | 1712615809 | 4626091d7d8f42ffe49643070f28d5f9 | 22425 | 5385066518oc8d6fac567d | OCC::SyncFileItem::Success |  | 201 | 0 | 0 | b4ceb2b3-92c2-4990-8bfa-3b7ae21038c1 | 
2024-05-13T09:49:22+00:00 | propositions, ideas, statements, opinions/entity.md | CSyncEnums::CSYNC_INSTRUCTION_NEW | OCC::SyncFileItem::Up | | 1711296733 | 494f95e127b3dbc8f72210a9ec388f0b | 23 | 5385066527oc8d6fac567d | OCC::SyncFileItem::Success |  | 201 | 0 | 0 | dc9d2937-b2b5-4537-a489-a4ef5b5d1640 | 
2024-05-13T09:49:21+00:00 | propositions, ideas, statements, opinions/getting things done.md | CSyncEnums::CSYNC_INSTRUCTION_NEW | OCC::SyncFileItem::Up | | 1712059564 | 8716f3a245c0572770d0decf56e0ac30 | 162 | 5385066506oc8d6fac567d | OCC::SyncFileItem::Success |  | 201 | 0 | 0 | 15f5f478-7295-4045-b486-5e086b9653fc | 
2024-05-13T09:49:22+00:00 | propositions, ideas, statements, opinions/highest goal is expression.md | CSyncEnums::CSYNC_INSTRUCTION_NEW | OCC::SyncFileItem::Up | | 1711649049 | 27ff7fc0dda3d135d2e16e774f39e330 | 0 | 5385066551oc8d6fac567d | OCC::SyncFileItem::Success |  | 201 | 0 | 0 | 14d6f701-7ec0-43f0-9ffa-6f81fe9ff5f5 | 
2024-05-13T09:49:22+00:00 | propositions, ideas, statements, opinions/gustatoric.md | CSyncEnums::CSYNC_INSTRUCTION_NEW | OCC::SyncFileItem::Up | | 1712615577 | 38a6244bacd40960dc0af82a0cd566bd | 3542 | 5385066524oc8d6fac567d | OCC::SyncFileItem::Success |  | 201 | 0 | 0 | 583ac551-32eb-4b8e-a95b-8dc3d8f1e57c | 
2024-05-13T09:49:23+00:00 | propositions, ideas, statements, opinions/imposter syndrom.md | CSyncEnums::CSYNC_INSTRUCTION_NEW | OCC::SyncFileItem::Up | | 1711301168 | b766a5608817697ba8330052b8c8ec61 | 0 | 5385066569oc8d6fac567d | OCC::SyncFileItem::Success |  | 201 | 0 | 0 | 95289e41-d86b-4042-9ada-a37f37b682d9 | 
2024-05-13T09:49:23+00:00 | propositions, ideas, statements, opinions/learning as a goal.md | CSyncEnums::CSYNC_INSTRUCTION_NEW | OCC::SyncFileItem::Up | | 1712319654 | a0381dd832b267c96043de614160c40b | 189 | 5385066572oc8d6fac567d | OCC::SyncFileItem::Success |  | 201 | 0 | 0 | 6737faa2-00aa-4ba3-9ca0-d5b386cc33d5 | 
2024-05-13T09:49:23+00:00 | propositions, ideas, statements, opinions/incremental knowledge.md | CSyncEnums::CSYNC_INSTRUCTION_NEW | OCC::SyncFileItem::Up | | 1711484390 | 424aac998de03caa81a5538531cf7e81 | 104 | 5385066584oc8d6fac567d | OCC::SyncFileItem::Success |  | 201 | 0 | 0 | e9eaa279-2d1a-4bfa-aa40-3bd64be2cbf8 | 
2024-05-13T09:49:23+00:00 | propositions, ideas, statements, opinions/highest goal is existence.md | CSyncEnums::CSYNC_INSTRUCTION_NEW | OCC::SyncFileItem::Up | | 1711649057 | 0b58960b94a363300d3f009a17aa32d6 | 0 | 5385066578oc8d6fac567d | OCC::SyncFileItem::Success |  | 201 | 0 | 0 | f97b5dfc-5cc4-4ed8-97dc-7f888ed00d0d | 
2024-05-13T09:49:23+00:00 | propositions, ideas, statements, opinions/learning as a tool.md | CSyncEnums::CSYNC_INSTRUCTION_NEW | OCC::SyncFileItem::Up | | 1712319540 | c2eeb1ee1968b9395658f66107b4ca2a | 56 | 5385066596oc8d6fac567d | OCC::SyncFileItem::Success |  | 201 | 0 | 0 | 6bb723b4-3e54-49b6-9155-010b169444f6 | 
2024-05-13T09:49:23+00:00 | propositions, ideas, statements, opinions/it has worked out every time.md | CSyncEnums::CSYNC_INSTRUCTION_NEW | OCC::SyncFileItem::Up | | 1711486855 | d2fc629e8c2b1b5903ed09cd82c1aade | 0 | 5385066602oc8d6fac567d | OCC::SyncFileItem::Success |  | 201 | 0 | 0 | cc234d4a-5ede-49a0-ad7c-ee8909bcbb13 | 
2024-05-13T09:49:23+00:00 | propositions, ideas, statements, opinions/linguistic.md | CSyncEnums::CSYNC_INSTRUCTION_NEW | OCC::SyncFileItem::Up | | 1712615837 | 673f6a86c572b1709682efbd0da807a9 | 8541 | 5385066608oc8d6fac567d | OCC::SyncFileItem::Success |  | 201 | 0 | 0 | a845eefd-3b98-42f2-b8f9-9233048bc165 | 
2024-05-13T09:49:24+00:00 | propositions, ideas, statements, opinions/logic relations.md | CSyncEnums::CSYNC_INSTRUCTION_NEW | OCC::SyncFileItem::Up | | 1712494385 | a2c181a411d0c4aa9506fde0deaa7159 | 328 | 5385066623oc8d6fac567d | OCC::SyncFileItem::Success |  | 201 | 0 | 0 | 43ab4389-584b-4462-ba52-816fe146eb89 | 
2024-05-13T09:49:24+00:00 | propositions, ideas, statements, opinions/life is about experience.md | CSyncEnums::CSYNC_INSTRUCTION_NEW | OCC::SyncFileItem::Up | | 1711486058 | acb5a8879533ffbc727e52cb048cc9da | 0 | 5385066620oc8d6fac567d | OCC::SyncFileItem::Success |  | 201 | 0 | 0 | 55eca347-0473-412d-9259-9726ddf63584 | 
2024-05-13T09:49:24+00:00 | propositions, ideas, statements, opinions/overcommunication.md | CSyncEnums::CSYNC_INSTRUCTION_NEW | OCC::SyncFileItem::Up | | 1712317831 | 7a3953a5d058e563204f0063b261783b | 165 | 5385066653oc8d6fac567d | OCC::SyncFileItem::Success |  | 201 | 0 | 0 | 8269e6b9-a05d-4662-9477-332a75f1997b | 
2024-05-13T09:49:24+00:00 | propositions, ideas, statements, opinions/moc knowledge.md | CSyncEnums::CSYNC_INSTRUCTION_NEW | OCC::SyncFileItem::Up | | 1712615937 | bf519f076947decc1ee93964f85de77f | 27542 | 5385066647oc8d6fac567d | OCC::SyncFileItem::Success |  | 201 | 0 | 0 | 0e4989e1-5cec-4430-aebe-660ca78acb40 | 
2024-05-13T09:49:25+00:00 | propositions, ideas, statements, opinions/power of constrait.md | CSyncEnums::CSYNC_INSTRUCTION_NEW | OCC::SyncFileItem::Up | | 1711648019 | 724e4050f1ff612593744157db0ace35 | 0 | 5385066677oc8d6fac567d | OCC::SyncFileItem::Success |  | 201 | 0 | 0 | ab632125-5800-491e-9940-5b295bba5242 | 
2024-05-13T09:49:25+00:00 | propositions, ideas, statements, opinions/ontology.md | CSyncEnums::CSYNC_INSTRUCTION_NEW | OCC::SyncFileItem::Up | | 1711296852 | 426e907b598db686e938c46760dd86ed | 0 | 5385066659oc8d6fac567d | OCC::SyncFileItem::Success |  | 201 | 0 | 0 | 2c413015-3ea0-40c9-8b0a-16cea1ca51b4 | 
2024-05-13T09:49:25+00:00 | propositions, ideas, statements, opinions/productivity kills ....md | CSyncEnums::CSYNC_INSTRUCTION_NEW | OCC::SyncFileItem::Up | | 1712617475 | 634ced9371cb46a21f66047e0cc13a1d | 0 | 5385066683oc8d6fac567d | OCC::SyncFileItem::Success |  | 201 | 0 | 0 | 05db15bd-fbc8-45f8-96d3-5a1980be74c6 | 
2024-05-13T09:49:25+00:00 | propositions, ideas, statements, opinions/olfactoric.md | CSyncEnums::CSYNC_INSTRUCTION_NEW | OCC::SyncFileItem::Up | | 1712615577 | d8916f445177a8a9cbddad514e08e707 | 4517 | 5385066665oc8d6fac567d | OCC::SyncFileItem::Success |  | 201 | 0 | 0 | 9eb66537-75f1-4c0f-8c8b-beb14c67a634 | 
2024-05-13T09:49:25+00:00 | propositions, ideas, statements, opinions/propositions.md | CSyncEnums::CSYNC_INSTRUCTION_NEW | OCC::SyncFileItem::Up | | 1712615502 | 5015f40c1e9fcb8dc2702a7bfee65512 | 48 | 5385066695oc8d6fac567d | OCC::SyncFileItem::Success |  | 201 | 0 | 0 | f8ac8046-e876-4262-99e7-d4b453ed2759 | 
2024-05-13T09:49:25+00:00 | propositions, ideas, statements, opinions/predicates (FOL).md | CSyncEnums::CSYNC_INSTRUCTION_NEW | OCC::SyncFileItem::Up | | 1712615577 | 4e3678ec316602b282d35e6acc7b8471 | 13397 | 5385066734oc8d6fac567d | OCC::SyncFileItem::Success |  | 201 | 0 | 0 | aed8c44a-c3e4-4019-a172-05574612891d | 
2024-05-13T09:49:26+00:00 | propositions, ideas, statements, opinions/terms (FOL).md | CSyncEnums::CSYNC_INSTRUCTION_NEW | OCC::SyncFileItem::Up | | 1712615579 | 949983bd1e3bde470801deac3efa2d8e | 8468 | 5385066782oc8d6fac567d | OCC::SyncFileItem::Success |  | 201 | 0 | 0 | 62c5bafe-41ff-4529-a58c-424258d7aa50 | 
2024-05-13T09:49:26+00:00 | propositions, ideas, statements, opinions/recall.md | CSyncEnums::CSYNC_INSTRUCTION_NEW | OCC::SyncFileItem::Up | | 1711484891 | 1f53d410f94c991494cd19b03082f692 | 68 | 5385066788oc8d6fac567d | OCC::SyncFileItem::Success |  | 201 | 0 | 0 | 1528500b-2df2-4ad8-81b1-97a5413099e8 | 
2024-05-13T09:49:26+00:00 | propositions, ideas, statements, opinions/semantic-mediawiki.org.md | CSyncEnums::CSYNC_INSTRUCTION_NEW | OCC::SyncFileItem::Up | | 1712615578 | 0ba352bf5d7143cf8a06cbe9aaa43b7c | 947 | 5385066773oc8d6fac567d | OCC::SyncFileItem::Success |  | 201 | 0 | 0 | 55d665d4-1283-4dee-967c-58ebc7263b64 | 
2024-05-13T09:49:26+00:00 | propositions, ideas, statements, opinions/the internet is infinite.md | CSyncEnums::CSYNC_INSTRUCTION_NEW | OCC::SyncFileItem::Up | | 1711486731 | 32560abbd55658f8393e1d32e24d51e6 | 0 | 5385066809oc8d6fac567d | OCC::SyncFileItem::Success |  | 201 | 0 | 0 | 5859740e-f560-47c8-91d6-842973d0e551 | 
2024-05-13T09:49:27+00:00 | propositions, ideas, statements, opinions/use search queries instead of folders.md | CSyncEnums::CSYNC_INSTRUCTION_NEW | OCC::SyncFileItem::Up | | 1711386202 | 96090d971099e9b7efbc2a5927df39cc | 119 | 5385066836oc8d6fac567d | OCC::SyncFileItem::Success |  | 201 | 0 | 0 | e9b38903-eaca-475c-a53d-bab0b59901a8 | 
2024-05-13T09:49:26+00:00 | propositions, ideas, statements, opinions/system over tools.md | CSyncEnums::CSYNC_INSTRUCTION_NEW | OCC::SyncFileItem::Up | | 1711299988 | 92d805e7d2a2995bccd991824a99ab3d | 70 | 5385066764oc8d6fac567d | OCC::SyncFileItem::Success |  | 201 | 0 | 0 | 1a25abf9-5781-4429-ba75-71628a54dcf2 | 
2024-05-13T09:49:27+00:00 | propositions, ideas, statements, opinions/there is no second brain.md | CSyncEnums::CSYNC_INSTRUCTION_NEW | OCC::SyncFileItem::Up | | 1711483616 | d0452858f604432b364bf4e6d8ad699f | 228 | 5385066830oc8d6fac567d | OCC::SyncFileItem::Success |  | 201 | 0 | 0 | 1217abcb-91c6-4817-b6ca-bf921e0fd8f8 | 
2024-05-13T09:49:27+00:00 | propositions, ideas, statements, opinions/well-formed formulas.md | CSyncEnums::CSYNC_INSTRUCTION_NEW | OCC::SyncFileItem::Up | | 1712615579 | 21ef85b70b03588730ea0b8f2b316568 | 10546 | 5385066875oc8d6fac567d | OCC::SyncFileItem::Success |  | 201 | 0 | 0 | f5bd5e98-f7fd-4571-b991-ff693c220cc8 | 
2024-05-13T09:49:27+00:00 | propositions, ideas, statements, opinions/top down over bottom up.md | CSyncEnums::CSYNC_INSTRUCTION_NEW | OCC::SyncFileItem::Up | | 1711483924 | 0242f1e6074c158a1b9811057c70cbd7 | 67 | 5385066860oc8d6fac567d | OCC::SyncFileItem::Success |  | 201 | 0 | 0 | b031d73f-530c-441a-9315-a3b5006d0cf0 | 
2024-05-13T09:49:28+00:00 | propositions, ideas, statements, opinions/visual.md | CSyncEnums::CSYNC_INSTRUCTION_NEW | OCC::SyncFileItem::Up | | 1712615578 | 24c48dc46ffe5a8ff65a186a1b83adfb | 4405 | 5385066899oc8d6fac567d | OCC::SyncFileItem::Success |  | 201 | 0 | 0 | 7c5d8e3e-1c57-4db3-b193-b84800b6c9d6 | 
2024-05-13T09:49:28+00:00 | propositions, ideas, statements, opinions/yannik-friendly.md | CSyncEnums::CSYNC_INSTRUCTION_NEW | OCC::SyncFileItem::Up | | 1711486486 | f57233c48f5bb7f0d57bf595a02c9388 | 102 | 5385066908oc8d6fac567d | OCC::SyncFileItem::Success |  | 201 | 0 | 0 | abe33d1e-d556-44ce-8075-63c78c6fa7b3 | 
2024-05-13T09:49:28+00:00 | propositions, ideas, statements, opinions/whatever works.md | CSyncEnums::CSYNC_INSTRUCTION_NEW | OCC::SyncFileItem::Up | | 1711305316 | 55028525ebfba7a85ebcd53369689803 | 22483 | 5385066917oc8d6fac567d | OCC::SyncFileItem::Success |  | 201 | 0 | 0 | 6f37e6bb-749c-4419-ba3f-93a357503eff | 
2024-05-13T09:49:28+00:00 | propositions, ideas, statements, opinions/you still have to do the work.md | CSyncEnums::CSYNC_INSTRUCTION_NEW | OCC::SyncFileItem::Up | | 1711387174 | ffdf3a87b67f33cdefdc58c6357d5410 | 58 | 5385066929oc8d6fac567d | OCC::SyncFileItem::Success |  | 201 | 0 | 0 | 65e16f66-7ea3-4279-8170-b0489df1c009 | 
2024-05-13T09:49:10+00:00 | propositions, ideas, statements, opinions | CSyncEnums::CSYNC_INSTRUCTION_NEW | OCC::SyncFileItem::Up | | 1715361836 |  | 40960 | 5385065813oc8d6fac567d | OCC::SyncFileItem::Success |  | 201 | 0 | 0 | 4cbda8f4-970f-4265-8e69-67cf200fb790 | 
#=#=#=# Syncrun finished 2024-05-13T09:49:30Z (last step: 19343 msec , total: 19532 msec) 
#=#=#=# Syncrun started 2024-05-13T09:49:38Z
#=#=#=#=# Propagation starts 2024-05-13T09:49:39Z (last step: 931 msec , total: 931 msec) 
#=#=#=# Syncrun finished 2024-05-13T09:49:39Z (last step: 10 msec , total: 942 msec) 
#=#=#=# Syncrun started 2024-05-13T09:49:43Z
#=#=#=#=# Propagation starts 2024-05-13T09:49:43Z (last step: 196 msec , total: 196 msec) 
#=#=#=# Syncrun finished 2024-05-13T09:49:43Z (last step: 15 msec , total: 211 msec) 
#=#=#=# Syncrun started 2024-05-13T09:49:43Z
#=#=#=#=# Propagation starts 2024-05-13T09:49:43Z (last step: 189 msec , total: 189 msec) 
#=#=#=# Syncrun finished 2024-05-13T09:49:43Z (last step: 6 msec , total: 196 msec) 
#=#=#=# Syncrun started 2024-05-13T09:49:58Z
#=#=#=#=# Propagation starts 2024-05-13T09:49:58Z (last step: 185 msec , total: 185 msec) 
#=#=#=# Syncrun finished 2024-05-13T09:49:58Z (last step: 9 msec , total: 194 msec) 
#=#=#=# Syncrun started 2024-05-13T09:51:59Z
#=#=#=#=# Propagation starts 2024-05-13T09:51:59Z (last step: 180 msec , total: 180 msec) 
#=#=#=# Syncrun finished 2024-05-13T09:51:59Z (last step: 6 msec , total: 186 msec) 
#=#=#=# Syncrun started 2024-05-13T10:00:05Z
#=#=#=#=# Propagation starts 2024-05-13T10:00:06Z (last step: 986 msec , total: 986 msec) 
#=#=#=# Syncrun finished 2024-05-13T10:00:06Z (last step: 3 msec , total: 990 msec) 
#=#=#=# Syncrun started 2024-05-13T10:03:11Z
#=#=#=#=# Propagation starts 2024-05-13T10:03:11Z (last step: 203 msec , total: 203 msec) 
2024-05-13T10:03:10+00:00 | fodler | CSyncEnums::CSYNC_INSTRUCTION_NEW | OCC::SyncFileItem::Up | | 1715594581 |  | 0 | 5385103367oc8d6fac567d | OCC::SyncFileItem::Success |  | 201 | 0 | 0 | be7db106-e6f5-4594-a65c-ed42470f7e83 | 
#=#=#=# Syncrun finished 2024-05-13T10:03:11Z (last step: 616 msec , total: 820 msec) 
#=#=#=# Syncrun started 2024-05-13T10:03:31Z
#=#=#=#=# Propagation starts 2024-05-13T10:03:31Z (last step: 395 msec , total: 395 msec) 
2024-05-13T10:03:30+00:00 | neu | CSyncEnums::CSYNC_INSTRUCTION_NEW | OCC::SyncFileItem::Up | | 1715594607 |  | 0 | 5385104267oc8d6fac567d | OCC::SyncFileItem::Success |  | 201 | 0 | 0 | 3a2a1753-929e-4606-bd5e-826d509d7915 | 
#=#=#=# Syncrun finished 2024-05-13T10:03:32Z (last step: 771 msec , total: 1167 msec) 
#=#=#=# Syncrun started 2024-05-13T10:03:40Z
#=#=#=#=# Propagation starts 2024-05-13T10:03:41Z (last step: 397 msec , total: 397 msec) 
2024-05-13T10:03:40+00:00 | neu -> neu - | CSyncEnums::CSYNC_INSTRUCTION_RENAME | OCC::SyncFileItem::Up | | 1715594607 |  | 0 | 5385104267oc8d6fac567d | OCC::SyncFileItem::Success |  | 201 | 0 | 0 | 7a999971-de0a-4d97-80b2-969727e2e8e7 | 
#=#=#=# Syncrun finished 2024-05-13T10:03:41Z (last step: 605 msec , total: 1002 msec) 
#=#=#=# Syncrun started 2024-05-13T10:03:55Z
#=#=#=#=# Propagation starts 2024-05-13T10:03:55Z (last step: 447 msec , total: 447 msec) 
#=#=#=# Syncrun finished 2024-05-13T10:03:55Z (last step: 3 msec , total: 450 msec) 
#=#=#=# Syncrun started 2024-05-13T10:05:41Z
#=#=#=#=# Propagation starts 2024-05-13T10:05:41Z (last step: 186 msec , total: 186 msec) 
2024-05-13T10:05:40+00:00 | fodler | CSyncEnums::CSYNC_INSTRUCTION_REMOVE | OCC::SyncFileItem::Up | | 1715594589 | 6641e55de01ec | 0 | 5385103367oc8d6fac567d | OCC::SyncFileItem::Success |  | 204 | 0 | 1715594589 | d74164fd-7d2f-4761-8b52-f6e0522c76e9 | 
2024-05-13T10:05:40+00:00 | neu - | CSyncEnums::CSYNC_INSTRUCTION_REMOVE | OCC::SyncFileItem::Up | | 1715594610 | 6641e5721a473 | 0 | 5385104267oc8d6fac567d | OCC::SyncFileItem::Success |  | 204 | 0 | 1715594610 | d84cfe27-92fe-4327-9d71-76732f31ecc9 | 
#=#=#=# Syncrun finished 2024-05-13T10:05:41Z (last step: 718 msec , total: 904 msec) 
#=#=#=# Syncrun started 2024-05-13T10:05:55Z
#=#=#=#=# Propagation starts 2024-05-13T10:05:55Z (last step: 212 msec , total: 212 msec) 
#=#=#=# Syncrun finished 2024-05-13T10:05:55Z (last step: 1 msec , total: 214 msec) 
#=#=#=# Syncrun started 2024-05-13T10:19:22Z
#=#=#=#=# Propagation starts 2024-05-13T10:19:22Z (last step: 183 msec , total: 183 msec) 
#=#=#=# Syncrun finished 2024-05-13T10:19:22Z (last step: 1 msec , total: 184 msec) 
#=#=#=# Syncrun started 2024-05-13T10:40:13Z
#=#=#=#=# Propagation starts 2024-05-13T10:40:13Z (last step: 195 msec , total: 195 msec) 
#=#=#=# Syncrun finished 2024-05-13T10:40:13Z (last step: 0 msec , total: 196 msec) 
#=#=#=# Syncrun started 2024-05-13T10:54:21Z
#=#=#=#=# Propagation starts 2024-05-13T10:54:22Z (last step: 177 msec , total: 177 msec) 
#=#=#=# Syncrun finished 2024-05-13T10:54:22Z (last step: 1 msec , total: 178 msec) 
